================================================================================
Starting analysis: [FeatureName: Databricks] [ResourceGroupName: rg_databricks_001] [ResourceName: workspace-001] 
--------------------------------------------------------------------------------
================================================================================
[Azure_Databricks_DP_No_PlainText_Secrets_In_Notebooks]: Secrets and keys must not be in plain text in notebooks and jobs
--------------------------------------------------------------------------------
01/23/2020 22:04:33-Checking: [Databricks]-[Secrets and keys must not be in plain text in notebooks and jobs] for resource [workspace-001]
Not able to fetch secret scope details. This has to be manually verified.
--------------------------------------------------------------------------------
**Manual**: [Databricks]-[Secrets and keys must not be in plain text in notebooks and jobs] for resource: [workspace-001]
--------------------------------------------------------------------------------
================================================================================ 

================================================================================
[Azure_Databricks_DP_Use_KeyVault_Backed_Secret_Scope]: Use Azure Key Vault backed secret scope to hold secrets
--------------------------------------------------------------------------------
01/23/2020 22:04:36-Checking: [Databricks]-[Use Azure Key Vault backed secret scope to hold secrets] for resource [workspace-001]
Not able to fetch secret scope details. This has to be manually verified.
--------------------------------------------------------------------------------
**Manual**: [Databricks]-[Use Azure Key Vault backed secret scope to hold secrets] for resource: [workspace-001]
--------------------------------------------------------------------------------
================================================================================ 

================================================================================
[Azure_Databricks_DP_Independent_KeyVault_Per_Scope]: Each secret scope should use an independent key vault
--------------------------------------------------------------------------------
01/23/2020 22:04:36-Checking: [Databricks]-[Each secret scope should use an independent key vault] for resource [workspace-001]
Not able to fetch secret scope details. This has to be manually verified.
--------------------------------------------------------------------------------
**Manual**: [Databricks]-[Each secret scope should use an independent key vault] for resource: [workspace-001]
--------------------------------------------------------------------------------
================================================================================ 

================================================================================
[Azure_Databricks_DP_Minimal_Token_Validity]: Personal access tokens (PAT) must have a shortest possible validity period
--------------------------------------------------------------------------------
01/23/2020 22:04:37-Checking: [Databricks]-[Personal access tokens (PAT) must have a shortest possible validity period] for resource [workspace-001]
Not able to fetch PAT (personal access token) details. This has to be manually verified.
--------------------------------------------------------------------------------
**Manual**: [Databricks]-[Personal access tokens (PAT) must have a shortest possible validity period] for resource: [workspace-001]
--------------------------------------------------------------------------------
================================================================================ 

================================================================================
[Azure_Databricks_AuthZ_Grant_Min_RBAC_Access]: All users/identities must be granted minimum required permissions using Role Based Access Control (RBAC)
--------------------------------------------------------------------------------
01/23/2020 22:04:37-Checking: [Databricks]-[All users/identities must be granted minimum required permissions using Role Based Access Control (RBAC)] for resource [workspace-001]
No identities have been explicitly provided with RBAC access to resource - [workspace-001]
Note: 4 identities (ServicePrincipal: 3, User: 1) have inherited RBAC access to resource. It's good practice to keep the RBAC access to minimum.
--------------------------------------------------------------------------------
**Verify**: [Databricks]-[All users/identities must be granted minimum required permissions using Role Based Access Control (RBAC)] for resource: [workspace-001]
--------------------------------------------------------------------------------
================================================================================ 

================================================================================
[Azure_Databricks_AuthZ_Limit_Admin_Count]: Minimize the number of workspace admins
--------------------------------------------------------------------------------
01/23/2020 22:04:39-Checking: [Databricks]-[Minimize the number of workspace admins] for resource [workspace-001]
Not able to fetch admin details. This has to be manually verified.
--------------------------------------------------------------------------------
**Manual**: [Databricks]-[Minimize the number of workspace admins] for resource: [workspace-001]
--------------------------------------------------------------------------------
================================================================================ 

================================================================================
[Azure_Databricks_AuthZ_Enable_Workspace_Access_Control]: Workspace access control should be enabled
--------------------------------------------------------------------------------
01/23/2020 22:04:39-Checking: [Databricks]-[Workspace access control should be enabled] for resource [workspace-001]
Please verify that Workspace Access Control is enabled for resource 'workspace-001'
--------------------------------------------------------------------------------
**Verify**: [Databricks]-[Workspace access control should be enabled] for resource: [workspace-001]
--------------------------------------------------------------------------------
================================================================================ 

================================================================================
[Azure_Databricks_AuthZ_Enable_Cluster_Access_Control]: Cluster access control should be enabled
--------------------------------------------------------------------------------
01/23/2020 22:04:39-Checking: [Databricks]-[Cluster access control should be enabled] for resource [workspace-001]
Please verify that Cluster Access Control is enabled for resource 'workspace-001'
--------------------------------------------------------------------------------
**Verify**: [Databricks]-[Cluster access control should be enabled] for resource: [workspace-001]
--------------------------------------------------------------------------------
================================================================================ 

================================================================================
[Azure_Databricks_AuthZ_Enable_Job_Access_Control]: Job access control should be enabled
--------------------------------------------------------------------------------
01/23/2020 22:04:39-Checking: [Databricks]-[Job access control should be enabled] for resource [workspace-001]
Please verify that Job Access Control is enabled for resource 'workspace-001'
--------------------------------------------------------------------------------
**Verify**: [Databricks]-[Job access control should be enabled] for resource: [workspace-001]
--------------------------------------------------------------------------------
================================================================================ 

================================================================================
[Azure_Databricks_AuthZ_Prohibit_Guest_Account_Admin_Access]: Guest accounts within the AAD tenant should not be granted admin access
--------------------------------------------------------------------------------
01/23/2020 22:04:39-Checking: [Databricks]-[Guest accounts within the AAD tenant should not be granted admin access] for resource [workspace-001]
Not able to fetch admin details. This has to be manually verified.
--------------------------------------------------------------------------------
**Manual**: [Databricks]-[Guest accounts within the AAD tenant should not be granted admin access] for resource: [workspace-001]
--------------------------------------------------------------------------------
================================================================================ 

================================================================================
[Azure_Databricks_NetSec_Justify_VNet_Peering]: Use of any virtual network peerings should be justified
--------------------------------------------------------------------------------
01/23/2020 22:04:39-Checking: [Databricks]-[Use of any virtual network peerings should be justified] for resource [workspace-001]
Managed Resource Group databricks-rg-workspace-001-5sdfnmttdapvu was not found.
--------------------------------------------------------------------------------
**Manual**: [Databricks]-[Use of any virtual network peerings should be justified] for resource: [workspace-001]
--------------------------------------------------------------------------------
================================================================================ 

--------------------------------------------------------------------------------
Completed analysis: [FeatureName: Databricks] [ResourceGroupName: rg_databricks_001] [ResourceName: workspace-001] 
================================================================================
################################################################################
