================================================================================
Starting analysis: [FeatureName: Storage] [ResourceGroupName: rg_iaas_001] [ResourceName: diag1c3407e369a8c27e] 
--------------------------------------------------------------------------------
================================================================================
[Azure_Storage_AuthN_Dont_Allow_Anonymous]: The Access Type for containers must not be set to 'Anonymous'
--------------------------------------------------------------------------------
01/23/2020 22:05:04-Checking: [Storage]-[The Access Type for containers must not be set to 'Anonymous'] for resource [diag1c3407e369a8c27e]
No containers were found that have public (anonymous) access in this storage account.
--------------------------------------------------------------------------------
**Passed**: [Storage]-[The Access Type for containers must not be set to 'Anonymous'] for resource: [diag1c3407e369a8c27e]
--------------------------------------------------------------------------------
================================================================================ 

================================================================================
[Azure_Storage_Audit_Issue_Alert_AuthN_Req]: Alert rules must be configured for tracking anonymous activity
--------------------------------------------------------------------------------
01/23/2020 22:05:05-Checking: [Storage]-[Alert rules must be configured for tracking anonymous activity] for resource [diag1c3407e369a8c27e]
--------------------------------------------------------------------------------
**Disabled**: [Storage]-[Alert rules must be configured for tracking anonymous activity]
--------------------------------------------------------------------------------
================================================================================ 

================================================================================
[Azure_Storage_Audit_AuthN_Requests]: Storage Account must be configured to log and monitor authentication request data
--------------------------------------------------------------------------------
01/23/2020 22:05:05-Checking: [Storage]-[Storage Account must be configured to log and monitor authentication request data] for resource [diag1c3407e369a8c27e]
Diagnostics settings(blob logs) is either disabled OR not retaining logs for at least 365 days for service type - [blob]
Diagnostics settings(queue logs) is either disabled OR not retaining logs for at least 365 days for service type - [queue]
Diagnostics settings(table logs) is either disabled OR not retaining logs for at least 365 days for service type - [table]
Diagnostics settings(blob aggregate metrics, blob per API metrics) is either disabled OR not retaining logs for at least 365 days for service type - [blob]
Diagnostics settings(file aggregate metrics, file per API metrics) is either disabled OR not retaining logs for at least 365 days for service type - [file]
Diagnostics settings(queue aggregate metrics, queue per API metrics) is either disabled OR not retaining logs for at least 365 days for service type - [queue]
Diagnostics settings(table aggregate metrics, table per API metrics) is either disabled OR not retaining logs for at least 365 days for service type - [table]
--------------------------------------------------------------------------------
**Failed**: [Storage]-[Storage Account must be configured to log and monitor authentication request data] for resource: [diag1c3407e369a8c27e]
--------------------------------------------------------------------------------
================================================================================ 

================================================================================
[Azure_Storage_DP_Encrypt_In_Transit]: HTTPS protocol must be used for accessing Storage Account resources
--------------------------------------------------------------------------------
01/23/2020 22:05:06-Checking: [Storage]-[HTTPS protocol must be used for accessing Storage Account resources] for resource [diag1c3407e369a8c27e]
Storage secure transfer is not enabled
--------------------------------------------------------------------------------
**Failed**: [Storage]-[HTTPS protocol must be used for accessing Storage Account resources] for resource: [diag1c3407e369a8c27e]
--------------------------------------------------------------------------------
================================================================================ 

================================================================================
[Azure_Storage_DP_Restrict_CORS_Access]: Ensure that CORS access is granted to a minimal set of trusted origins and only required verbs are supported.
--------------------------------------------------------------------------------
01/23/2020 22:05:07-Checking: [Storage]-[Ensure that CORS access is granted to a minimal set of trusted origins and only required verbs are supported.] for resource [diag1c3407e369a8c27e]
The CORS feature has not been enabled on this storage account.
--------------------------------------------------------------------------------
**Passed**: [Storage]-[Ensure that CORS access is granted to a minimal set of trusted origins and only required verbs are supported.] for resource: [diag1c3407e369a8c27e]
--------------------------------------------------------------------------------
================================================================================ 

================================================================================
[Azure_Storage_AuthZ_Restrict_Network_Access]: Ensure that Firewall and Virtual Network access is granted to a minimal set of trusted origins
--------------------------------------------------------------------------------
01/23/2020 22:05:07-Checking: [Storage]-[Ensure that Firewall and Virtual Network access is granted to a minimal set of trusted origins] for resource [diag1c3407e369a8c27e]
No Firewall and Virtual Network restrictions are defined for this storage
--------------------------------------------------------------------------------
**Verify**: [Storage]-[Ensure that Firewall and Virtual Network access is granted to a minimal set of trusted origins] for resource: [diag1c3407e369a8c27e]
--------------------------------------------------------------------------------
================================================================================ 

================================================================================
[Azure_Storage_BCDR_Enable_Soft_Delete]: Soft delete should be enabled to allow recovery of deleted blobs or blob snapshots
--------------------------------------------------------------------------------
01/23/2020 22:05:08-Checking: [Storage]-[Soft delete should be enabled to allow recovery of deleted blobs or blob snapshots] for resource [diag1c3407e369a8c27e]
Soft delete is disabled for this Storage account
--------------------------------------------------------------------------------
**Verify**: [Storage]-[Soft delete should be enabled to allow recovery of deleted blobs or blob snapshots] for resource: [diag1c3407e369a8c27e]
--------------------------------------------------------------------------------
================================================================================ 

================================================================================
[Azure_Storage_AuthZ_Grant_Min_RBAC_Access]: All users/identities must be granted minimum required permissions using Role Based Access Control (RBAC)
--------------------------------------------------------------------------------
01/23/2020 22:05:08-Checking: [Storage]-[All users/identities must be granted minimum required permissions using Role Based Access Control (RBAC)] for resource [diag1c3407e369a8c27e]
No identities have been explicitly provided with RBAC access to resource - [diag1c3407e369a8c27e]
Note: 4 identities (ServicePrincipal: 3, User: 1) have inherited RBAC access to resource. It's good practice to keep the RBAC access to minimum.
--------------------------------------------------------------------------------
**Verify**: [Storage]-[All users/identities must be granted minimum required permissions using Role Based Access Control (RBAC)] for resource: [diag1c3407e369a8c27e]
--------------------------------------------------------------------------------
================================================================================ 

================================================================================
[Azure_Storage_AuthN_Use_AAD_Based_Access]: Use AAD-based access for storage account
--------------------------------------------------------------------------------
01/23/2020 22:05:09-Checking: [Storage]-[Use AAD-based access for storage account] for resource [diag1c3407e369a8c27e]
No SPN/MSI/User has been explicitly provided with Storage RBAC access to this resource
--------------------------------------------------------------------------------
**Verify**: [Storage]-[Use AAD-based access for storage account] for resource: [diag1c3407e369a8c27e]
--------------------------------------------------------------------------------
================================================================================ 

--------------------------------------------------------------------------------
Completed analysis: [FeatureName: Storage] [ResourceGroupName: rg_iaas_001] [ResourceName: diag1c3407e369a8c27e] 
================================================================================
################################################################################
